  [1m[36m (25.7ms)[0m  [1mCREATE TABLE "schema_migrations" ("version" varchar(255) NOT NULL) [0m
  [1m[35m (8.3ms)[0m  CREATE UNIQUE INDEX "unique_schema_migrations" ON "schema_migrations" ("version")
  [1m[36mActiveRecord::SchemaMigration Load (0.2ms)[0m  [1mSELECT "schema_migrations".* FROM "schema_migrations"[0m
Migrating to CreateListings (20131228050555)
  [1m[35m (0.1ms)[0m  begin transaction
  [1m[36m (0.4ms)[0m  [1mCREATE TABLE "listings" ("id" INTEGER PRIMARY KEY AUTOINCREMENT NOT NULL, "name" varchar(255), "description" text, "price" decimal, "created_at" datetime, "updated_at" datetime) [0m
  [1m[35mSQL (0.2ms)[0m  INSERT INTO "schema_migrations" ("version") VALUES (?)  [["version", "20131228050555"]]
  [1m[36m (13.8ms)[0m  [1mcommit transaction[0m
Migrating to AddAttachmentImageToListings (20131229070059)
  [1m[35m (1.4ms)[0m  begin transaction
  [1m[36m (0.4ms)[0m  [1mALTER TABLE "listings" ADD "image_file_name" varchar(255)[0m
  [1m[35m (0.2ms)[0m  ALTER TABLE "listings" ADD "image_content_type" varchar(255)
  [1m[36m (0.2ms)[0m  [1mALTER TABLE "listings" ADD "image_file_size" integer[0m
  [1m[35m (0.2ms)[0m  ALTER TABLE "listings" ADD "image_updated_at" datetime
  [1m[36mSQL (0.1ms)[0m  [1mINSERT INTO "schema_migrations" ("version") VALUES (?)[0m  [["version", "20131229070059"]]
  [1m[35m (7.5ms)[0m  commit transaction
Migrating to DeviseCreateUsers (20131230194641)
  [1m[36m (0.1ms)[0m  [1mbegin transaction[0m
  [1m[35m (0.4ms)[0m  CREATE TABLE "users" ("id" INTEGER PRIMARY KEY AUTOINCREMENT NOT NULL, "email" varchar(255) DEFAULT '' NOT NULL, "encrypted_password" varchar(255) DEFAULT '' NOT NULL, "reset_password_token" varchar(255), "reset_password_sent_at" datetime, "remember_created_at" datetime, "sign_in_count" integer DEFAULT 0 NOT NULL, "current_sign_in_at" datetime, "last_sign_in_at" datetime, "current_sign_in_ip" varchar(255), "last_sign_in_ip" varchar(255), "created_at" datetime, "updated_at" datetime) 
  [1m[36m (12.8ms)[0m  [1mCREATE UNIQUE INDEX "index_users_on_email" ON "users" ("email")[0m
  [1m[35m (0.2ms)[0m  CREATE UNIQUE INDEX "index_users_on_reset_password_token" ON "users" ("reset_password_token")
  [1m[36mSQL (0.2ms)[0m  [1mINSERT INTO "schema_migrations" ("version") VALUES (?)[0m  [["version", "20131230194641"]]
  [1m[35m (16.2ms)[0m  commit transaction
Migrating to AddNameToUsers (20131231021602)
  [1m[36m (0.1ms)[0m  [1mbegin transaction[0m
  [1m[35m (0.6ms)[0m  ALTER TABLE "users" ADD "name" varchar(255)
  [1m[36mSQL (0.2ms)[0m  [1mINSERT INTO "schema_migrations" ("version") VALUES (?)[0m  [["version", "20131231021602"]]
  [1m[35m (11.7ms)[0m  commit transaction
Migrating to AddUserIdToListings (20131231083906)
  [1m[36m (0.1ms)[0m  [1mbegin transaction[0m
  [1m[35m (0.6ms)[0m  ALTER TABLE "listings" ADD "user_id" integer
  [1m[36mSQL (0.3ms)[0m  [1mINSERT INTO "schema_migrations" ("version") VALUES (?)[0m  [["version", "20131231083906"]]
  [1m[35m (11.9ms)[0m  commit transaction
Migrating to CreateOrders (20140107213253)
  [1m[36m (0.1ms)[0m  [1mbegin transaction[0m
  [1m[35m (0.4ms)[0m  CREATE TABLE "orders" ("id" INTEGER PRIMARY KEY AUTOINCREMENT NOT NULL, "address" varchar(255), "city" varchar(255), "state" varchar(255), "created_at" datetime, "updated_at" datetime) 
  [1m[36mSQL (0.2ms)[0m  [1mINSERT INTO "schema_migrations" ("version") VALUES (?)[0m  [["version", "20140107213253"]]
  [1m[35m (10.7ms)[0m  commit transaction
Migrating to AddListingIdToOrders (20140107215216)
  [1m[36m (0.1ms)[0m  [1mbegin transaction[0m
  [1m[35m (0.4ms)[0m  ALTER TABLE "orders" ADD "listing_id" integer
  [1m[36mSQL (0.3ms)[0m  [1mINSERT INTO "schema_migrations" ("version") VALUES (?)[0m  [["version", "20140107215216"]]
  [1m[35m (9.8ms)[0m  commit transaction
Migrating to AddFieldsToOrders (20140107220154)
  [1m[36m (0.1ms)[0m  [1mbegin transaction[0m
  [1m[35m (0.4ms)[0m  ALTER TABLE "orders" ADD "buyer_id" integer
  [1m[36m (0.2ms)[0m  [1mALTER TABLE "orders" ADD "seller_id" integer[0m
  [1m[35mSQL (0.1ms)[0m  INSERT INTO "schema_migrations" ("version") VALUES (?)  [["version", "20140107220154"]]
  [1m[36m (11.8ms)[0m  [1mcommit transaction[0m
Migrating to AddRecipientToUsers (20140109094129)
  [1m[35m (0.1ms)[0m  begin transaction
  [1m[36m (0.5ms)[0m  [1mALTER TABLE "users" ADD "recipient" varchar(255)[0m
  [1m[35mSQL (0.1ms)[0m  INSERT INTO "schema_migrations" ("version") VALUES (?)  [["version", "20140109094129"]]
  [1m[36m (10.4ms)[0m  [1mcommit transaction[0m
  [1m[35mActiveRecord::SchemaMigration Load (0.1ms)[0m  SELECT "schema_migrations".* FROM "schema_migrations"
  [1m[36mActiveRecord::SchemaMigration Load (0.3ms)[0m  [1mSELECT "schema_migrations".* FROM "schema_migrations"[0m
  [1m[35mActiveRecord::SchemaMigration Load (0.2ms)[0m  SELECT "schema_migrations".* FROM "schema_migrations"


Started GET "/" for 50.131.130.249 at 2016-05-31 22:25:52 +0000
  [1m[36mActiveRecord::SchemaMigration Load (0.2ms)[0m  [1mSELECT "schema_migrations".* FROM "schema_migrations"[0m
Processing by ListingsController#index as HTML
  [1m[35mListing Load (0.3ms)[0m  SELECT "listings".* FROM "listings" ORDER BY created_at DESC
  Rendered listings/index.html.erb within layouts/application (69.5ms)
  Rendered layouts/_header.html.erb (3.4ms)
  Rendered layouts/_footer.html.erb (0.3ms)
Completed 200 OK in 5578ms (Views: 5497.0ms | ActiveRecord: 0.3ms)


Started GET "/assets/application.css?body=1" for 50.131.130.249 at 2016-05-31 22:25:58 +0000


Started GET "/assets/cart.css?body=1" for 50.131.130.249 at 2016-05-31 22:25:58 +0000


Started GET "/assets/listings.css?body=1" for 50.131.130.249 at 2016-05-31 22:25:58 +0000


Started GET "/assets/custom.css?body=1" for 50.131.130.249 at 2016-05-31 22:25:58 +0000


Started GET "/assets/pagination.css?body=1" for 50.131.130.249 at 2016-05-31 22:25:58 +0000


Started GET "/assets/jquery.js?body=1" for 50.131.130.249 at 2016-05-31 22:25:58 +0000


Started GET "/assets/orders.css?body=1" for 50.131.130.249 at 2016-05-31 22:25:58 +0000


Started GET "/assets/pages.css?body=1" for 50.131.130.249 at 2016-05-31 22:25:58 +0000


Started GET "/assets/jquery_ujs.js?body=1" for 50.131.130.249 at 2016-05-31 22:25:58 +0000


Started GET "/assets/bootstrap/affix.js?body=1" for 50.131.130.249 at 2016-05-31 22:25:58 +0000


Started GET "/assets/bootstrap/alert.js?body=1" for 50.131.130.249 at 2016-05-31 22:25:59 +0000


Started GET "/assets/bootstrap/carousel.js?body=1" for 50.131.130.249 at 2016-05-31 22:25:59 +0000


Started GET "/assets/bootstrap/button.js?body=1" for 50.131.130.249 at 2016-05-31 22:25:59 +0000


Started GET "/assets/bootstrap/collapse.js?body=1" for 50.131.130.249 at 2016-05-31 22:25:59 +0000


Started GET "/assets/bootstrap/dropdown.js?body=1" for 50.131.130.249 at 2016-05-31 22:25:59 +0000


Started GET "/assets/bootstrap/tab.js?body=1" for 50.131.130.249 at 2016-05-31 22:25:59 +0000


Started GET "/assets/bootstrap/transition.js?body=1" for 50.131.130.249 at 2016-05-31 22:25:59 +0000


Started GET "/assets/bootstrap/scrollspy.js?body=1" for 50.131.130.249 at 2016-05-31 22:25:59 +0000


Started GET "/assets/bootstrap/modal.js?body=1" for 50.131.130.249 at 2016-05-31 22:25:59 +0000


Started GET "/assets/bootstrap/tooltip.js?body=1" for 50.131.130.249 at 2016-05-31 22:25:59 +0000


Started GET "/assets/bootstrap/popover.js?body=1" for 50.131.130.249 at 2016-05-31 22:25:59 +0000


Started GET "/assets/bootstrap.js?body=1" for 50.131.130.249 at 2016-05-31 22:25:59 +0000


Started GET "/assets/turbolinks.js?body=1" for 50.131.130.249 at 2016-05-31 22:25:59 +0000


Started GET "/assets/cart.js?body=1" for 50.131.130.249 at 2016-05-31 22:25:59 +0000


Started GET "/assets/listings.js?body=1" for 50.131.130.249 at 2016-05-31 22:25:59 +0000


Started GET "/assets/orders.js?body=1" for 50.131.130.249 at 2016-05-31 22:25:59 +0000


Started GET "/assets/pages.js?body=1" for 50.131.130.249 at 2016-05-31 22:25:59 +0000


Started GET "/assets/application.js?body=1" for 50.131.130.249 at 2016-05-31 22:26:00 +0000


Started GET "/assets/bandhej-stoles.png" for 50.131.130.249 at 2016-05-31 22:26:00 +0000


Started GET "/assets/Bastar-tribal-art.png" for 50.131.130.249 at 2016-05-31 22:26:05 +0000


Started GET "/pages/about" for 50.131.130.249 at 2016-05-31 22:26:06 +0000
Processing by PagesController#about as HTML
  Rendered pages/about.html.erb within layouts/application (0.7ms)
  Rendered layouts/_header.html.erb (5.4ms)
  Rendered layouts/_footer.html.erb (0.3ms)
Completed 200 OK in 77ms (Views: 75.2ms | ActiveRecord: 0.0ms)


Started GET "/assets/image1.jpeg" for 50.131.130.249 at 2016-05-31 22:26:06 +0000


Started GET "/assets/image2.jpeg" for 50.131.130.249 at 2016-05-31 22:26:06 +0000


Started GET "/assets/image3.jpeg" for 50.131.130.249 at 2016-05-31 22:26:06 +0000


Started GET "/pages/contact" for 50.131.130.249 at 2016-05-31 22:26:10 +0000
Processing by PagesController#contact as HTML
  Rendered pages/contact.html.erb within layouts/application (0.7ms)
  Rendered layouts/_header.html.erb (2.3ms)
  Rendered layouts/_footer.html.erb (0.4ms)
Completed 200 OK in 129ms (Views: 128.4ms | ActiveRecord: 0.0ms)


Started GET "/assets/telephone.jpg" for 50.131.130.249 at 2016-05-31 22:26:10 +0000


Started GET "/assets/Mail1.png" for 50.131.130.249 at 2016-05-31 22:26:10 +0000


Started GET "/assets/fax.png" for 50.131.130.249 at 2016-05-31 22:26:11 +0000


Started GET "/users/sign_in" for 50.131.130.249 at 2016-05-31 22:26:35 +0000
Processing by Devise::SessionsController#new as HTML
  Rendered devise/shared/_links.erb (1.8ms)
  Rendered devise/sessions/new.html.erb within layouts/application (145.6ms)
  Rendered layouts/_header.html.erb (2.2ms)
  Rendered layouts/_footer.html.erb (0.1ms)
Completed 200 OK in 271ms (Views: 219.4ms | ActiveRecord: 1.0ms)


Started GET "/users/sign_up" for 50.131.130.249 at 2016-05-31 22:26:41 +0000
Processing by Devise::RegistrationsController#new as HTML
  Rendered devise/shared/_links.erb (0.5ms)
  Rendered devise/registrations/new.html.erb within layouts/application (7.3ms)
  Rendered layouts/_header.html.erb (1.8ms)
  Rendered layouts/_footer.html.erb (0.1ms)
Completed 200 OK in 93ms (Views: 90.7ms | ActiveRecord: 0.0ms)


Started POST "/users" for 50.131.130.249 at 2016-05-31 22:27:21 +0000
Processing by Devise::RegistrationsController#create as HTML
  Parameters: {"utf8"=>"✓", "authenticity_token"=>"WbGoz07ehMp46Mx1cjOCdL+MWD4xgLScBknro8oFErU=", "user"=>{"name"=>"pallavi deo", "email"=>"bordepalla16@students.itu.edu", "password"=>"[FILTERED]", "password_confirmation"=>"[FILTERED]"}, "commit"=>"Sign up"}
  [1m[36m (0.2ms)[0m  [1mbegin transaction[0m
  [1m[35mUser Exists (0.3ms)[0m  SELECT 1 AS one FROM "users" WHERE "users"."email" = 'bordepalla16@students.itu.edu' LIMIT 1
Binary data inserted for `string` type on column `encrypted_password`
  [1m[36mSQL (11.5ms)[0m  [1mINSERT INTO "users" ("created_at", "email", "encrypted_password", "name", "updated_at") VALUES (?, ?, ?, ?, ?)[0m  [["created_at", Tue, 31 May 2016 22:27:22 UTC +00:00], ["email", "bordepalla16@students.itu.edu"], ["encrypted_password", "$2a$10$cy74RiSVxiTCNSMtpuepFODKa0ZUcZvpZWjiSTBs9vshE13xCd3yq"], ["name", "pallavi deo"], ["updated_at", Tue, 31 May 2016 22:27:22 UTC +00:00]]
  [1m[35m (13.1ms)[0m  commit transaction
  [1m[36m (0.1ms)[0m  [1mbegin transaction[0m
Binary data inserted for `string` type on column `last_sign_in_ip`
Binary data inserted for `string` type on column `current_sign_in_ip`
  [1m[35mSQL (0.7ms)[0m  UPDATE "users" SET "last_sign_in_at" = ?, "current_sign_in_at" = ?, "last_sign_in_ip" = ?, "current_sign_in_ip" = ?, "sign_in_count" = ?, "updated_at" = ? WHERE "users"."id" = 1  [["last_sign_in_at", Tue, 31 May 2016 22:27:22 UTC +00:00], ["current_sign_in_at", Tue, 31 May 2016 22:27:22 UTC +00:00], ["last_sign_in_ip", "50.131.130.249"], ["current_sign_in_ip", "50.131.130.249"], ["sign_in_count", 1], ["updated_at", Tue, 31 May 2016 22:27:22 UTC +00:00]]
  [1m[36m (9.1ms)[0m  [1mcommit transaction[0m
Redirected to https://etsy-demo-pallaviborde.c9users.io/
Completed 302 Found in 266ms (ActiveRecord: 35.0ms)


Started GET "/" for 50.131.130.249 at 2016-05-31 22:27:22 +0000
Processing by ListingsController#index as HTML
  [1m[35mListing Load (0.3ms)[0m  SELECT "listings".* FROM "listings" ORDER BY created_at DESC
  [1m[36mUser Load (0.3ms)[0m  [1mSELECT "users".* FROM "users" WHERE "users"."id" = 1 ORDER BY "users"."id" ASC LIMIT 1[0m
  Rendered listings/index.html.erb within layouts/application (34.6ms)
  Rendered layouts/_header.html.erb (1.4ms)
  Rendered layouts/_footer.html.erb (0.1ms)
Completed 200 OK in 110ms (Views: 108.2ms | ActiveRecord: 0.6ms)


Started GET "/assets/chess-sets.png" for 50.131.130.249 at 2016-05-31 22:27:31 +0000


Started GET "/seller" for 50.131.130.249 at 2016-05-31 22:27:32 +0000
Processing by ListingsController#seller as HTML
  [1m[35mUser Load (0.3ms)[0m  SELECT "users".* FROM "users" WHERE "users"."id" = 1 ORDER BY "users"."id" ASC LIMIT 1
  [1m[36mListing Load (0.4ms)[0m  [1mSELECT "listings".* FROM "listings" WHERE "listings"."user_id" = 1 ORDER BY created_at DESC LIMIT 1 OFFSET 0[0m
  Rendered listings/seller.html.erb within layouts/application (5.4ms)
  Rendered layouts/_header.html.erb (1.2ms)
  Rendered layouts/_footer.html.erb (0.1ms)
Completed 200 OK in 70ms (Views: 64.5ms | ActiveRecord: 0.7ms)


Started GET "/listings/new" for 50.131.130.249 at 2016-05-31 22:27:34 +0000
Processing by ListingsController#new as HTML
  [1m[35mUser Load (0.9ms)[0m  SELECT "users".* FROM "users" WHERE "users"."id" = 1 ORDER BY "users"."id" ASC LIMIT 1
  Rendered listings/_form.html.erb (53.4ms)
  Rendered listings/new.html.erb within layouts/application (56.9ms)
  Rendered layouts/_header.html.erb (2.0ms)
  Rendered layouts/_footer.html.erb (0.1ms)
Completed 200 OK in 126ms (Views: 118.8ms | ActiveRecord: 1.7ms)


Started GET "/assets/custom.css?body=1" for 50.131.130.249 at 2016-05-31 22:27:35 +0000


Started GET "/assets/pages.css?body=1" for 50.131.130.249 at 2016-05-31 22:27:35 +0000


Started GET "/assets/jquery.js?body=1" for 50.131.130.249 at 2016-05-31 22:27:35 +0000


Started POST "/listings" for 50.131.130.249 at 2016-05-31 22:27:40 +0000
Processing by ListingsController#create as HTML
  Parameters: {"utf8"=>"✓", "authenticity_token"=>"WbGoz07ehMp46Mx1cjOCdL+MWD4xgLScBknro8oFErU=", "listing"=>{"name"=>"purse", "description"=>"", "price"=>""}}
  [1m[36mUser Load (0.4ms)[0m  [1mSELECT "users".* FROM "users" WHERE "users"."id" = 1 ORDER BY "users"."id" ASC LIMIT 1[0m
  [1m[35m (0.1ms)[0m  begin transaction
  [1m[36m (0.1ms)[0m  [1mrollback transaction[0m
  Rendered listings/_form.html.erb (7.4ms)
  Rendered listings/new.html.erb within layouts/application (8.9ms)
  Rendered layouts/_header.html.erb (1.2ms)
  Rendered layouts/_footer.html.erb (0.0ms)
Completed 200 OK in 77ms (Views: 66.5ms | ActiveRecord: 0.6ms)


Started GET "/assets/custom.css?body=1" for 50.131.130.249 at 2016-05-31 22:27:41 +0000


Started GET "/assets/pages.css?body=1" for 50.131.130.249 at 2016-05-31 22:27:41 +0000


Started GET "/assets/jquery.js?body=1" for 50.131.130.249 at 2016-05-31 22:27:41 +0000


Started POST "/listings" for 50.131.130.249 at 2016-05-31 22:28:23 +0000
Processing by ListingsController#create as HTML
  Parameters: {"utf8"=>"✓", "authenticity_token"=>"WbGoz07ehMp46Mx1cjOCdL+MWD4xgLScBknro8oFErU=", "listing"=>{"name"=>"purse", "description"=>"asdf", "price"=>"12", "image"=>#<ActionDispatch::Http::UploadedFile:0x007f9299335d78 @tempfile=#<Tempfile:/tmp/RackMultipart20160531-36195-1oasq0i>, @original_filename="IMG_20160411_172319.jpg", @content_type="image/jpeg", @headers="Content-Disposition: form-data; name=\"listing[image]\"; filename=\"IMG_20160411_172319.jpg\"\r\nContent-Type: image/jpeg\r\n">}}
  [1m[35mUser Load (0.7ms)[0m  SELECT "users".* FROM "users" WHERE "users"."id" = 1 ORDER BY "users"."id" ASC LIMIT 1
Command :: file -b --mime '/tmp/b086a4f98aa1f4729a10f752c302c00b20160531-36195-u2li6n.jpg'
Command :: identify -format '%wx%h,%[exif:orientation]' '/tmp/b086a4f98aa1f4729a10f752c302c00b20160531-36195-1c6xpwn.jpg[0]' 2>/dev/null
Completed 500 Internal Server Error in 96ms

Paperclip::Errors::CommandNotFoundError (Could not run the `identify` command. Please install ImageMagick.):
  app/controllers/listings_controller.rb:54:in `create'


  Rendered /usr/local/rvm/gems/ruby-2.1.1/gems/actionpack-4.0.0/lib/action_dispatch/middleware/templates/rescues/_source.erb (1.4ms)
  Rendered /usr/local/rvm/gems/ruby-2.1.1/gems/actionpack-4.0.0/lib/action_dispatch/middleware/templates/rescues/_trace.erb (2.5ms)
  Rendered /usr/local/rvm/gems/ruby-2.1.1/gems/actionpack-4.0.0/lib/action_dispatch/middleware/templates/rescues/_request_and_response.erb (7.6ms)
  Rendered /usr/local/rvm/gems/ruby-2.1.1/gems/actionpack-4.0.0/lib/action_dispatch/middleware/templates/rescues/diagnostics.erb within rescues/layout (120.5ms)
